<?xml version="1.0" encoding="UTF-8"?>
<!-- Generated by org.testng.reporters.JUnitReportReporter -->
<testsuite skipped="0" hostname="SATHEZ-PC" name="testCase.Test_Pending_Leave_Request" tests="1" failures="0" timestamp="14 May 2020 06:51:16 GMT" time="5.839" errors="0">
  <testcase name="leave_Request" time="5.839" classname="testCase.Test_Pending_Leave_Request"/>
</testsuite> <!-- testCase.Test_Pending_Leave_Request -->
