<?xml version="1.0" encoding="UTF-8"?>
<!-- Generated by org.testng.reporters.JUnitReportReporter -->
<testsuite skipped="0" hostname="SATHEZ-PC" name="testCase.Test_UserRoll" tests="1" failures="0" timestamp="14 May 2020 06:51:16 GMT" time="3.989" errors="0">
  <testcase name="CheckEverything" time="3.989" classname="testCase.Test_UserRoll"/>
</testsuite> <!-- testCase.Test_UserRoll -->
